<?xml version="1.0"?>
<!DOCTYPE coverage SYSTEM "http://cobertura.sourceforge.net/xml/coverage-04.dtd">

<coverage line-rate="0.9821428571428571" branch-rate="0.875" lines-covered="55" lines-valid="56" branches-covered="7" branches-valid="8" complexity="1.5555555555555556" version="2.1.1" timestamp="1610097043663">
	<sources>
		<source>--source</source>
		<source>/home/vsts/work/1/s/src/maven/DeepSpace/src/main/java</source>
	</sources>
	<packages>
		<package name="com.microsoft.tfs.demo" line-rate="0.9821428571428571" branch-rate="0.875" complexity="1.5555555555555556">
			<classes>
				<class name="com.microsoft.tfs.demo.Image" filename="com/microsoft/tfs/demo/Image.java" line-rate="0.9090909090909091" branch-rate="1.0" complexity="1.0">
					<methods>
						<method name="&lt;init&gt;" signature="()V" line-rate="1.0" branch-rate="1.0" complexity="0">
							<lines>
								<line number="31" hits="3" branch="false"/>
							</lines>
						</method>
						<method name="getHeight" signature="()I" line-rate="1.0" branch-rate="1.0" complexity="0">
							<lines>
								<line number="55" hits="6" branch="false"/>
							</lines>
						</method>
						<method name="getSrc" signature="()Ljava/lang/String;" line-rate="1.0" branch-rate="1.0" complexity="0">
							<lines>
								<line number="39" hits="39" branch="false"/>
							</lines>
						</method>
						<method name="getWidth" signature="()I" line-rate="1.0" branch-rate="1.0" complexity="0">
							<lines>
								<line number="47" hits="6" branch="false"/>
							</lines>
						</method>
						<method name="newMethod" signature="()V" line-rate="0.0" branch-rate="1.0" complexity="0">
							<lines>
								<line number="64" hits="0" branch="false"/>
							</lines>
						</method>
						<method name="setHeight" signature="(I)V" line-rate="1.0" branch-rate="1.0" complexity="0">
							<lines>
								<line number="59" hits="3" branch="false"/>
								<line number="60" hits="3" branch="false"/>
							</lines>
						</method>
						<method name="setSrc" signature="(Ljava/lang/String;)V" line-rate="1.0" branch-rate="1.0" complexity="0">
							<lines>
								<line number="43" hits="3" branch="false"/>
								<line number="44" hits="3" branch="false"/>
							</lines>
						</method>
						<method name="setWidth" signature="(I)V" line-rate="1.0" branch-rate="1.0" complexity="0">
							<lines>
								<line number="51" hits="3" branch="false"/>
								<line number="52" hits="3" branch="false"/>
							</lines>
						</method>
					</methods>
					<lines>
						<line number="31" hits="3" branch="false"/>
						<line number="39" hits="39" branch="false"/>
						<line number="43" hits="3" branch="false"/>
						<line number="44" hits="3" branch="false"/>
						<line number="47" hits="6" branch="false"/>
						<line number="51" hits="3" branch="false"/>
						<line number="52" hits="3" branch="false"/>
						<line number="55" hits="6" branch="false"/>
						<line number="59" hits="3" branch="false"/>
						<line number="60" hits="3" branch="false"/>
						<line number="64" hits="0" branch="false"/>
					</lines>
				</class>
				<class name="com.microsoft.tfs.demo.ImageService" filename="com/microsoft/tfs/demo/ImageService.java" line-rate="1.0" branch-rate="0.875" complexity="3.5">
					<methods>
						<method name="&lt;clinit&gt;" signature="()V" line-rate="1.0" branch-rate="1.0" complexity="0">
							<lines>
								<line number="49" hits="1" branch="false"/>
								<line number="51" hits="1" branch="false"/>
								<line number="52" hits="1" branch="false"/>
								<line number="58" hits="1" branch="false"/>
								<line number="59" hits="1" branch="false"/>
								<line number="60" hits="1" branch="false"/>
								<line number="61" hits="1" branch="false"/>
								<line number="62" hits="1" branch="false"/>
								<line number="74" hits="1" branch="false"/>
								<line number="75" hits="1" branch="false"/>
								<line number="76" hits="1" branch="false"/>
								<line number="77" hits="1" branch="false"/>
								<line number="78" hits="1" branch="false"/>
								<line number="80" hits="1" branch="false"/>
								<line number="81" hits="1" branch="false"/>
								<line number="82" hits="1" branch="false"/>
								<line number="83" hits="1" branch="false"/>
								<line number="84" hits="1" branch="false"/>
								<line number="86" hits="1" branch="false"/>
								<line number="87" hits="1" branch="false"/>
								<line number="88" hits="1" branch="false"/>
								<line number="89" hits="1" branch="false"/>
							</lines>
						</method>
						<method name="&lt;init&gt;" signature="()V" line-rate="1.0" branch-rate="1.0" complexity="0">
							<lines>
								<line number="46" hits="10" branch="false"/>
							</lines>
						</method>
						<method name="getByName" signature="(Ljava/lang/String;)Lcom/microsoft/tfs/demo/Image;" line-rate="1.0" branch-rate="1.0" complexity="0">
							<lines>
								<line number="114" hits="4" branch="false"/>
								<line number="116" hits="4" branch="false"/>
								<line number="117" hits="4" branch="true" condition-coverage="100% (2/2)">
									<conditions>
										<condition number="0" type="jump" coverage="100%"/>
									</conditions>
								</line>
								<line number="118" hits="9" branch="true" condition-coverage="100% (2/2)">
									<conditions>
										<condition number="0" type="jump" coverage="100%"/>
									</conditions>
								</line>
								<line number="119" hits="3" branch="false"/>
								<line number="120" hits="3" branch="false"/>
								<line number="121" hits="3" branch="false"/>
								<line number="122" hits="3" branch="false"/>
								<line number="123" hits="3" branch="false"/>
								<line number="125" hits="6" branch="false"/>
								<line number="126" hits="1" branch="false"/>
								<line number="127" hits="1" branch="false"/>
							</lines>
						</method>
						<method name="getImages" signature="()Ljava/util/List;" line-rate="1.0" branch-rate="0.75" complexity="0">
							<lines>
								<line number="94" hits="4" branch="false"/>
								<line number="96" hits="4" branch="true" condition-coverage="100% (2/2)">
									<conditions>
										<condition number="0" type="jump" coverage="100%"/>
									</conditions>
								</line>
								<line number="97" hits="12" branch="true" condition-coverage="50% (1/2)">
									<conditions>
										<condition number="0" type="jump" coverage="50%"/>
									</conditions>
								</line>
								<line number="98" hits="12" branch="false"/>
								<line number="100" hits="12" branch="false"/>
								<line number="102" hits="4" branch="false"/>
								<line number="103" hits="4" branch="false"/>
								<line number="104" hits="4" branch="false"/>
								<line number="105" hits="4" branch="false"/>
								<line number="107" hits="4" branch="false"/>
							</lines>
						</method>
					</methods>
					<lines>
						<line number="46" hits="10" branch="false"/>
						<line number="49" hits="1" branch="false"/>
						<line number="51" hits="1" branch="false"/>
						<line number="52" hits="1" branch="false"/>
						<line number="58" hits="1" branch="false"/>
						<line number="59" hits="1" branch="false"/>
						<line number="60" hits="1" branch="false"/>
						<line number="61" hits="1" branch="false"/>
						<line number="62" hits="1" branch="false"/>
						<line number="74" hits="1" branch="false"/>
						<line number="75" hits="1" branch="false"/>
						<line number="76" hits="1" branch="false"/>
						<line number="77" hits="1" branch="false"/>
						<line number="78" hits="1" branch="false"/>
						<line number="80" hits="1" branch="false"/>
						<line number="81" hits="1" branch="false"/>
						<line number="82" hits="1" branch="false"/>
						<line number="83" hits="1" branch="false"/>
						<line number="84" hits="1" branch="false"/>
						<line number="86" hits="1" branch="false"/>
						<line number="87" hits="1" branch="false"/>
						<line number="88" hits="1" branch="false"/>
						<line number="89" hits="1" branch="false"/>
						<line number="94" hits="4" branch="false"/>
						<line number="96" hits="4" branch="true" condition-coverage="100% (2/2)">
							<conditions>
								<condition number="0" type="jump" coverage="100%"/>
							</conditions>
						</line>
						<line number="97" hits="12" branch="true" condition-coverage="50% (1/2)">
							<conditions>
								<condition number="0" type="jump" coverage="50%"/>
							</conditions>
						</line>
						<line number="98" hits="12" branch="false"/>
						<line number="100" hits="12" branch="false"/>
						<line number="102" hits="4" branch="false"/>
						<line number="103" hits="4" branch="false"/>
						<line number="104" hits="4" branch="false"/>
						<line number="105" hits="4" branch="false"/>
						<line number="107" hits="4" branch="false"/>
						<line number="114" hits="4" branch="false"/>
						<line number="116" hits="4" branch="false"/>
						<line number="117" hits="4" branch="true" condition-coverage="100% (2/2)">
							<conditions>
								<condition number="0" type="jump" coverage="100%"/>
							</conditions>
						</line>
						<line number="118" hits="9" branch="true" condition-coverage="100% (2/2)">
							<conditions>
								<condition number="0" type="jump" coverage="100%"/>
							</conditions>
						</line>
						<line number="119" hits="3" branch="false"/>
						<line number="120" hits="3" branch="false"/>
						<line number="121" hits="3" branch="false"/>
						<line number="122" hits="3" branch="false"/>
						<line number="123" hits="3" branch="false"/>
						<line number="125" hits="6" branch="false"/>
						<line number="126" hits="1" branch="false"/>
						<line number="127" hits="1" branch="false"/>
					</lines>
				</class>
			</classes>
		</package>
	</packages>
</coverage>
